<?xml version="1.0" encoding="UTF-8"?>
<!-- Generated by org.testng.reporters.JUnitReportReporter -->
<testsuite hostname="Soms-Mac-mini.local" failures="0" tests="3" name="somoCompany.Tests.TestRunner" time="111.614" errors="0" timestamp="2024-01-20T19:33:31 IST" skipped="0">
  <testcase classname="somoCompany.Tests.TestRunner" name="submitOrder3" time="49.708"/>
  <testcase classname="somoCompany.Tests.TestRunner" name="submitOrder2" time="38.103"/>
  <testcase classname="somoCompany.Tests.TestRunner" name="submitOrder" time="23.803"/>
</testsuite> <!-- somoCompany.Tests.TestRunner -->
