<?xml version="1.0" encoding="UTF-8"?>
<!-- Generated by org.testng.reporters.JUnitReportReporter -->
<testsuite hostname="Soms-Mac-mini.local" failures="0" tests="5" name="somoCompany.Tests.appValidationsTest" time="106.704" errors="0" timestamp="2024-01-21T20:13:05 IST" skipped="0">
  <testcase classname="somoCompany.Tests.appValidationsTest" name="submitOrder" time="23.451"/>
  <testcase classname="somoCompany.Tests.appValidationsTest" name="submitOrder" time="23.344"/>
  <testcase classname="somoCompany.Tests.appValidationsTest" name="submitOrder2" time="35.334"/>
  <testcase classname="somoCompany.Tests.appValidationsTest" name="orderHistoryCheck" time="1.878"/>
  <testcase classname="somoCompany.Tests.appValidationsTest" name="submitOrder" time="22.697"/>
</testsuite> <!-- somoCompany.Tests.appValidationsTest -->
