<?xml version="1.0" encoding="UTF-8"?>
<!-- Generated by org.testng.reporters.JUnitReportReporter -->
<testsuite hostname="Soms-Mac-mini.local" failures="0" tests="2" name="somoCompany.Tests.ErrorValidationsTest" time="52.309" errors="0" timestamp="2024-01-28T16:26:00 IST" skipped="0">
  <testcase classname="somoCompany.Tests.ErrorValidationsTest" name="invalidLoginTest" time="4.252"/>
  <testcase classname="somoCompany.Tests.ErrorValidationsTest" name="submitOrder3" time="48.057"/>
</testsuite> <!-- somoCompany.Tests.ErrorValidationsTest -->
