<?xml version="1.0" encoding="UTF-8"?>
<!-- Generated by org.testng.reporters.JUnitReportReporter -->
<testsuite hostname="Soms-Mac-mini.local" failures="0" tests="2" name="somoCompany.Tests.ErrorValidationsTest" time="51.691" errors="0" timestamp="2024-01-21T02:10:14 IST" skipped="0">
  <testcase classname="somoCompany.Tests.ErrorValidationsTest" name="invalidLoginTest" time="4.298"/>
  <testcase classname="somoCompany.Tests.ErrorValidationsTest" name="submitOrder3" time="47.393"/>
</testsuite> <!-- somoCompany.Tests.ErrorValidationsTest -->
