<?xml version="1.0" encoding="UTF-8"?>
<!-- Generated by org.testng.reporters.JUnitReportReporter -->
<testsuite hostname="Soms-Mac-mini.local" failures="0" tests="5" name="somoCompany.Tests.appValidationsTest" time="114.125" errors="0" timestamp="2024-01-28T16:31:38 IST" skipped="0">
  <testcase classname="somoCompany.Tests.appValidationsTest" name="submitOrder" time="23.541"/>
  <testcase classname="somoCompany.Tests.appValidationsTest" name="submitOrder2" time="37.352"/>
  <testcase classname="somoCompany.Tests.appValidationsTest" name="submitOrder" time="24.177"/>
  <testcase classname="somoCompany.Tests.appValidationsTest" name="orderHistoryCheck" time="4.477"/>
  <testcase classname="somoCompany.Tests.appValidationsTest" name="submitOrder" time="24.578"/>
</testsuite> <!-- somoCompany.Tests.appValidationsTest -->
