<?xml version="1.0" encoding="UTF-8"?>
<!-- Generated by org.testng.reporters.JUnitReportReporter -->
<testsuite hostname="Soms-Mac-mini.local" failures="0" tests="5" name="somoCompany.Tests.appValidationsTest" time="103.910" errors="0" timestamp="2024-01-21T22:01:52 IST" skipped="0">
  <testcase classname="somoCompany.Tests.appValidationsTest" name="submitOrder2" time="34.682"/>
  <testcase classname="somoCompany.Tests.appValidationsTest" name="submitOrder" time="22.986"/>
  <testcase classname="somoCompany.Tests.appValidationsTest" name="submitOrder" time="21.765"/>
  <testcase classname="somoCompany.Tests.appValidationsTest" name="submitOrder" time="22.401"/>
  <testcase classname="somoCompany.Tests.appValidationsTest" name="orderHistoryCheck" time="2.076"/>
</testsuite> <!-- somoCompany.Tests.appValidationsTest -->
