<?xml version="1.0" encoding="UTF-8"?>
<!-- Generated by org.testng.reporters.JUnitReportReporter -->
<testsuite hostname="Soms-Mac-mini.local" failures="0" tests="5" name="somoCompany.Tests.appValidationsTest" time="202.431" errors="0" timestamp="2024-01-23T23:32:27 IST" skipped="0">
  <testcase classname="somoCompany.Tests.appValidationsTest" name="submitOrder" time="45.195"/>
  <testcase classname="somoCompany.Tests.appValidationsTest" name="submitOrder2" time="57.132"/>
  <testcase classname="somoCompany.Tests.appValidationsTest" name="orderHistoryCheck" time="8.960"/>
  <testcase classname="somoCompany.Tests.appValidationsTest" name="submitOrder" time="47.815"/>
  <testcase classname="somoCompany.Tests.appValidationsTest" name="submitOrder" time="43.329"/>
</testsuite> <!-- somoCompany.Tests.appValidationsTest -->
