<?xml version="1.0" encoding="UTF-8"?>
<!-- Generated by org.testng.reporters.JUnitReportReporter -->
<testsuite hostname="Soms-Mac-mini.local" failures="0" tests="2" name="somoCompany.Tests.ErrorValidationsTest" time="51.832" errors="0" timestamp="2024-01-21T21:58:02 IST" skipped="0">
  <testcase classname="somoCompany.Tests.ErrorValidationsTest" name="invalidLoginTest" time="2.230"/>
  <testcase classname="somoCompany.Tests.ErrorValidationsTest" name="submitOrder3" time="49.602"/>
</testsuite> <!-- somoCompany.Tests.ErrorValidationsTest -->
