<?xml version="1.0" encoding="UTF-8"?>
<!-- Generated by org.testng.reporters.JUnitReportReporter -->
<testsuite hostname="Soms-Mac-mini.local" failures="0" tests="5" name="somoCompany.Tests.appValidationsTest" time="206.109" errors="0" timestamp="2024-01-22T23:19:11 IST" skipped="0">
  <testcase classname="somoCompany.Tests.appValidationsTest" name="submitOrder" time="44.393"/>
  <testcase classname="somoCompany.Tests.appValidationsTest" name="submitOrder" time="45.714"/>
  <testcase classname="somoCompany.Tests.appValidationsTest" name="orderHistoryCheck" time="10.226"/>
  <testcase classname="somoCompany.Tests.appValidationsTest" name="submitOrder" time="46.510"/>
  <testcase classname="somoCompany.Tests.appValidationsTest" name="submitOrder2" time="59.266"/>
</testsuite> <!-- somoCompany.Tests.appValidationsTest -->
