<?xml version="1.0" encoding="UTF-8"?>
<!-- Generated by org.testng.reporters.JUnitReportReporter -->
<testsuite hostname="Soms-Mac-mini.local" failures="0" tests="2" name="somoCompany.Tests.ErrorValidationsTest" time="80.145" errors="0" timestamp="2024-01-23T23:32:27 IST" skipped="0">
  <testcase classname="somoCompany.Tests.ErrorValidationsTest" name="submitOrder3" time="68.926"/>
  <testcase classname="somoCompany.Tests.ErrorValidationsTest" name="invalidLoginTest" time="11.219"/>
</testsuite> <!-- somoCompany.Tests.ErrorValidationsTest -->
