<?xml version="1.0" encoding="UTF-8"?>
<!-- Generated by org.testng.reporters.JUnitReportReporter -->
<testsuite hostname="Soms-Mac-mini.local" failures="0" tests="2" name="somoCompany.Tests.ErrorValidationsTest" time="82.231" errors="0" timestamp="2024-01-22T23:19:11 IST" skipped="0">
  <testcase classname="somoCompany.Tests.ErrorValidationsTest" name="invalidLoginTest" time="10.921"/>
  <testcase classname="somoCompany.Tests.ErrorValidationsTest" name="submitOrder3" time="71.310"/>
</testsuite> <!-- somoCompany.Tests.ErrorValidationsTest -->
